<?xml version="1.0" encoding="UTF-8"?>
<!-- Generated by org.testng.reporters.JUnitXMLReporter -->
<testsuite ignored="0" hostname="DESKTOP-FID91T4" failures="0" tests="4" name="POM Test" time="41.515" errors="0" timestamp="2024-02-08T12:43:46 IST">
  <testcase classname="com.practice.seleniums2.test.RegisterTest" name="registerUser" time="6.178"/>
  <testcase classname="com.practice.seleniums2.test.LoginTest" name="loginUser" time="6.137"/>
  <testcase classname="com.practice.seleniums2.test.SearchTest" name="loginUser" time="0.703"/>
  <testcase classname="com.practice.seleniums2.test.AddToCartTest" name="loginUser" time="4.041"/>
</testsuite> <!-- POM Test -->
