<?xml version="1.0" encoding="UTF-8"?>
<testng-results ignored="0" total="1" passed="1" failed="0" skipped="0">
  <reporter-output>
  </reporter-output>
  <suite started-at="2024-02-09T12:43:29 IST" name="Default suite" finished-at="2024-02-09T12:43:47 IST" duration-ms="17262">
    <groups>
    </groups>
    <test started-at="2024-02-09T12:43:29 IST" name="Default test" finished-at="2024-02-09T12:43:47 IST" duration-ms="17262">
      <class name="com.practice.seleniums2.test.LoginTest">
        <test-method is-config="true" signature="openApp()[pri:0, instance:com.practice.seleniums2.test.LoginTest@196a42c3]" started-at="2024-02-09T12:43:29 IST" name="openApp" finished-at="2024-02-09T12:43:35 IST" duration-ms="5662" status="PASS">
          <reporter-output>
          </reporter-output>
        </test-method> <!-- openApp -->
        <test-method signature="loginUser()[pri:0, instance:com.practice.seleniums2.test.LoginTest@196a42c3]" started-at="2024-02-09T12:43:35 IST" name="loginUser" finished-at="2024-02-09T12:43:46 IST" duration-ms="11168" status="PASS">
          <reporter-output>
          </reporter-output>
        </test-method> <!-- loginUser -->
        <test-method is-config="true" signature="cleanUp()[pri:0, instance:com.practice.seleniums2.test.LoginTest@196a42c3]" started-at="2024-02-09T12:43:46 IST" name="cleanUp" finished-at="2024-02-09T12:43:47 IST" duration-ms="378" status="PASS">
          <reporter-output>
          </reporter-output>
        </test-method> <!-- cleanUp -->
      </class> <!-- com.practice.seleniums2.test.LoginTest -->
    </test> <!-- Default test -->
  </suite> <!-- Default suite -->
</testng-results>
