<?xml version="1.0" encoding="UTF-8"?>
<testng-results ignored="0" total="2" passed="2" failed="0" skipped="0">
  <reporter-output>
  </reporter-output>
  <suite started-at="2024-02-09T18:11:36 IST" name="Default suite" finished-at="2024-02-09T18:11:48 IST" duration-ms="12141">
    <groups>
    </groups>
    <test started-at="2024-02-09T18:11:36 IST" name="Default test" finished-at="2024-02-09T18:11:48 IST" duration-ms="12141">
      <class name="com.practice.seleniums2.AmazonTest">
        <test-method is-config="true" signature="beforeClass()[pri:0, instance:com.practice.seleniums2.AmazonTest@71ba6d4e]" started-at="2024-02-09T18:11:36 IST" name="beforeClass" finished-at="2024-02-09T18:11:40 IST" duration-ms="4482" status="PASS">
          <reporter-output>
          </reporter-output>
        </test-method> <!-- beforeClass -->
        <test-method signature="testSearch1()[pri:0, instance:com.practice.seleniums2.AmazonTest@71ba6d4e]" started-at="2024-02-09T18:11:40 IST" name="testSearch1" description="Search Iphone 15 pro max" finished-at="2024-02-09T18:11:43 IST" duration-ms="2853" status="PASS">
          <reporter-output>
          </reporter-output>
        </test-method> <!-- testSearch1 -->
        <test-method signature="testSearch2()[pri:0, instance:com.practice.seleniums2.AmazonTest@71ba6d4e]" started-at="2024-02-09T18:11:43 IST" name="testSearch2" description="Search Apple Mac book" finished-at="2024-02-09T18:11:47 IST" duration-ms="3980" status="PASS">
          <reporter-output>
          </reporter-output>
        </test-method> <!-- testSearch2 -->
        <test-method is-config="true" signature="tearDown()[pri:0, instance:com.practice.seleniums2.AmazonTest@71ba6d4e]" started-at="2024-02-09T18:11:47 IST" name="tearDown" finished-at="2024-02-09T18:11:48 IST" duration-ms="777" status="PASS">
          <reporter-output>
          </reporter-output>
        </test-method> <!-- tearDown -->
      </class> <!-- com.practice.seleniums2.AmazonTest -->
    </test> <!-- Default test -->
  </suite> <!-- Default suite -->
</testng-results>
